<?xml version="1.0" encoding="UTF-8"?>
<!-- Generated by org.testng.reporters.JUnitXMLReporter -->
<testsuite ignored="7" hostname="Aryans-MacBook-Pro.local" failures="1" tests="1" name="MyTest" time="9.464" errors="0" timestamp="2025-05-22T00:26:29 IST">
  <testcase classname="testCases.TC008_ProductPage" name="verify_productPage" time="1.868">
    <failure type="java.lang.AssertionError" message="Incorrect Product Price displayed expected [true] but found [false]">
      <![CDATA[java.lang.AssertionError: Incorrect Product Price displayed expected [true] but found [false]
at testCases.TC008_ProductPage.verify_productPage(TC008_ProductPage.java:51)
at java.base/java.util.ArrayList.forEach(ArrayList.java:1596)
... Removed 28 stack frames]]>
    </failure>
  </testcase> <!-- verify_productPage -->
  <testcase classname="testCases.TC007_EditAccountInfo" name="verify_editAccountInfo" time="0.0">
    <ignored/>
  </testcase> <!-- verify_editAccountInfo -->
  <testcase classname="testCases.TC001_RegistrationTest" name="verify_registration" time="0.0">
    <ignored/>
  </testcase> <!-- verify_registration -->
  <testcase classname="testCases.TC004_AddToCartTest" name="verify_addToCart" time="0.0">
    <ignored/>
  </testcase> <!-- verify_addToCart -->
  <testcase classname="testCases.TC002_LoginTest" name="verify_login" time="0.0">
    <ignored/>
  </testcase> <!-- verify_login -->
  <testcase classname="testCases.TC006_ProductComparison" name="verify_productComparison" time="0.0">
    <ignored/>
  </testcase> <!-- verify_productComparison -->
  <testcase classname="testCases.TC005_AddToWishlist" name="verify_addToWishlist" time="0.0">
    <ignored/>
  </testcase> <!-- verify_addToWishlist -->
  <testcase classname="testCases.TC003_SearchTest" name="verify_search" time="0.0">
    <ignored/>
  </testcase> <!-- verify_search -->
</testsuite> <!-- MyTest -->
